<?xml version="1.0" encoding="utf-8"?>
<TestRun id="fc470121-820e-4395-a76a-43a1be32a9ef" name="Lenovo@DESKTOP-E105SJN 2025-08-05 23:07:00" runUser="DESKTOP-E105SJN\Lenovo" xmlns="http://microsoft.com/schemas/VisualStudio/TeamTest/2010">
  <Times creation="2025-08-05T23:07:00.2709149-06:00" queuing="2025-08-05T23:07:00.2709151-06:00" start="2025-08-05T23:06:55.3527977-06:00" finish="2025-08-05T23:07:03.1119405-06:00" />
  <TestSettings name="default" id="9195d5d8-20c0-48c1-893e-f92c501e73e1">
    <Deployment runDeploymentRoot="Lenovo_DESKTOP-E105SJN_2025-08-05_23_07_00" />
  </TestSettings>
  <Results>
    <UnitTestResult executionId="457d579b-4d48-44f9-95a2-e197a009af2f" testId="720c1a21-5591-515c-44c5-5c7e9909c8a9" testName="PlataformaEscolar.Tests.AuthControllerTests.Register_Alumno_ReturnsOk" computerName="DESKTOP-E105SJN" duration="00:00:03.2217285" startTime="2025-08-05T23:07:00.2079856-06:00" endTime="2025-08-05T23:07:00.2080232-06:00" testType="13cdc9d9-ddb5-4fa4-a97d-d965ccfc6d4b" outcome="Passed" testListId="8c84fa94-04c1-424b-9868-57a2d4851a1d" relativeResultsDirectory="457d579b-4d48-44f9-95a2-e197a009af2f" />
    <UnitTestResult executionId="ccffc842-f633-4389-be32-1de3c48352fa" testId="017a223c-fb8b-853c-03a2-b06578175949" testName="PlataformaEscolar.Tests.ComentarioControllerTests.ComentarAAlumno_ReturnsOk" computerName="DESKTOP-E105SJN" duration="00:00:01.5202307" startTime="2025-08-05T23:07:02.9637732-06:00" endTime="2025-08-05T23:07:02.9637736-06:00" testType="13cdc9d9-ddb5-4fa4-a97d-d965ccfc6d4b" outcome="Passed" testListId="8c84fa94-04c1-424b-9868-57a2d4851a1d" relativeResultsDirectory="ccffc842-f633-4389-be32-1de3c48352fa" />
    <UnitTestResult executionId="01dc16f6-b50a-4076-8f19-424fd5fc5619" testId="61e10156-e1c6-ba42-e1b9-ed5c5210e0ad" testName="PlataformaEscolar.Tests.AuthControllerTests.Login_Alumno_ReturnsToken" computerName="DESKTOP-E105SJN" duration="00:00:00.7989680" startTime="2025-08-05T23:07:01.0087196-06:00" endTime="2025-08-05T23:07:01.0087199-06:00" testType="13cdc9d9-ddb5-4fa4-a97d-d965ccfc6d4b" outcome="Passed" testListId="8c84fa94-04c1-424b-9868-57a2d4851a1d" relativeResultsDirectory="01dc16f6-b50a-4076-8f19-424fd5fc5619" />
    <UnitTestResult executionId="70fd357a-5173-4cfa-9ad9-fc76d5014b60" testId="e798b93f-0072-549e-2e89-70da5b54406d" testName="PlataformaEscolar.Tests.ComentarioControllerTests.ComentarAProfesor_ReturnsOk" computerName="DESKTOP-E105SJN" duration="00:00:04.4756192" startTime="2025-08-05T23:07:01.4431741-06:00" endTime="2025-08-05T23:07:01.4431744-06:00" testType="13cdc9d9-ddb5-4fa4-a97d-d965ccfc6d4b" outcome="Passed" testListId="8c84fa94-04c1-424b-9868-57a2d4851a1d" relativeResultsDirectory="70fd357a-5173-4cfa-9ad9-fc76d5014b60" />
  </Results>
  <TestDefinitions>
    <UnitTest name="PlataformaEscolar.Tests.ComentarioControllerTests.ComentarAProfesor_ReturnsOk" storage="c:\users\lenovo\escolarwebapi\topicoscalidad\casoprueba-auth-comentarios\bin\debug\net8.0\plataformaescolar.testsclean.dll" id="e798b93f-0072-549e-2e89-70da5b54406d">
      <Execution id="70fd357a-5173-4cfa-9ad9-fc76d5014b60" />
      <TestMethod codeBase="C:\Users\Lenovo\EscolarWebApi\TopicosCalidad\CasoPrueba-Auth-Comentarios\bin\Debug\net8.0\PlataformaEscolar.TestsClean.dll" adapterTypeName="executor://xunit/VsTestRunner2/netcoreapp" className="PlataformaEscolar.Tests.ComentarioControllerTests" name="ComentarAProfesor_ReturnsOk" />
    </UnitTest>
    <UnitTest name="PlataformaEscolar.Tests.AuthControllerTests.Login_Alumno_ReturnsToken" storage="c:\users\lenovo\escolarwebapi\topicoscalidad\casoprueba-auth-comentarios\bin\debug\net8.0\plataformaescolar.testsclean.dll" id="61e10156-e1c6-ba42-e1b9-ed5c5210e0ad">
      <Execution id="01dc16f6-b50a-4076-8f19-424fd5fc5619" />
      <TestMethod codeBase="C:\Users\Lenovo\EscolarWebApi\TopicosCalidad\CasoPrueba-Auth-Comentarios\bin\Debug\net8.0\PlataformaEscolar.TestsClean.dll" adapterTypeName="executor://xunit/VsTestRunner2/netcoreapp" className="PlataformaEscolar.Tests.AuthControllerTests" name="Login_Alumno_ReturnsToken" />
    </UnitTest>
    <UnitTest name="PlataformaEscolar.Tests.ComentarioControllerTests.ComentarAAlumno_ReturnsOk" storage="c:\users\lenovo\escolarwebapi\topicoscalidad\casoprueba-auth-comentarios\bin\debug\net8.0\plataformaescolar.testsclean.dll" id="017a223c-fb8b-853c-03a2-b06578175949">
      <Execution id="ccffc842-f633-4389-be32-1de3c48352fa" />
      <TestMethod codeBase="C:\Users\Lenovo\EscolarWebApi\TopicosCalidad\CasoPrueba-Auth-Comentarios\bin\Debug\net8.0\PlataformaEscolar.TestsClean.dll" adapterTypeName="executor://xunit/VsTestRunner2/netcoreapp" className="PlataformaEscolar.Tests.ComentarioControllerTests" name="ComentarAAlumno_ReturnsOk" />
    </UnitTest>
    <UnitTest name="PlataformaEscolar.Tests.AuthControllerTests.Register_Alumno_ReturnsOk" storage="c:\users\lenovo\escolarwebapi\topicoscalidad\casoprueba-auth-comentarios\bin\debug\net8.0\plataformaescolar.testsclean.dll" id="720c1a21-5591-515c-44c5-5c7e9909c8a9">
      <Execution id="457d579b-4d48-44f9-95a2-e197a009af2f" />
      <TestMethod codeBase="C:\Users\Lenovo\EscolarWebApi\TopicosCalidad\CasoPrueba-Auth-Comentarios\bin\Debug\net8.0\PlataformaEscolar.TestsClean.dll" adapterTypeName="executor://xunit/VsTestRunner2/netcoreapp" className="PlataformaEscolar.Tests.AuthControllerTests" name="Register_Alumno_ReturnsOk" />
    </UnitTest>
  </TestDefinitions>
  <TestEntries>
    <TestEntry testId="720c1a21-5591-515c-44c5-5c7e9909c8a9" executionId="457d579b-4d48-44f9-95a2-e197a009af2f" testListId="8c84fa94-04c1-424b-9868-57a2d4851a1d" />
    <TestEntry testId="017a223c-fb8b-853c-03a2-b06578175949" executionId="ccffc842-f633-4389-be32-1de3c48352fa" testListId="8c84fa94-04c1-424b-9868-57a2d4851a1d" />
    <TestEntry testId="61e10156-e1c6-ba42-e1b9-ed5c5210e0ad" executionId="01dc16f6-b50a-4076-8f19-424fd5fc5619" testListId="8c84fa94-04c1-424b-9868-57a2d4851a1d" />
    <TestEntry testId="e798b93f-0072-549e-2e89-70da5b54406d" executionId="70fd357a-5173-4cfa-9ad9-fc76d5014b60" testListId="8c84fa94-04c1-424b-9868-57a2d4851a1d" />
  </TestEntries>
  <TestLists>
    <TestList name="Resultados sin formato de lista" id="8c84fa94-04c1-424b-9868-57a2d4851a1d" />
    <TestList name="Todos los resultados cargados" id="19431567-8539-422a-85d7-44ee4e166bda" />
  </TestLists>
  <ResultSummary outcome="Completed">
    <Counters total="4" executed="4" passed="4" failed="0" error="0" timeout="0" aborted="0" inconclusive="0" passedButRunAborted="0" notRunnable="0" notExecuted="0" disconnected="0" warning="0" completed="0" inProgress="0" pending="0" />
    <Output>
      <StdOut>[xUnit.net 00:00:00.00] xUnit.net VSTest Adapter v2.8.2+699d445a1a (64-bit .NET 8.0.17)&#xD;
[xUnit.net 00:00:00.24]   Discovering: PlataformaEscolar.TestsClean&#xD;
[xUnit.net 00:00:00.32]   Discovered:  PlataformaEscolar.TestsClean&#xD;
[xUnit.net 00:00:00.33]   Starting:    PlataformaEscolar.TestsClean&#xD;
[xUnit.net 00:00:06.45]   Finished:    PlataformaEscolar.TestsClean&#xD;
</StdOut>
    </Output>
  </ResultSummary>
</TestRun>