<?xml version="1.0" encoding="utf-8"?>
<TestRun id="92935979-b155-4d15-b0ee-282df5766dbb" name="Lenovo@DESKTOP-E105SJN 2025-07-24 03:40:22" runUser="DESKTOP-E105SJN\Lenovo" xmlns="http://microsoft.com/schemas/VisualStudio/TeamTest/2010">
  <Times creation="2025-07-24T03:40:22.3489898-06:00" queuing="2025-07-24T03:40:22.3489902-06:00" start="2025-07-24T03:40:18.5669342-06:00" finish="2025-07-24T03:40:23.2917518-06:00" />
  <TestSettings name="default" id="8dfc447c-decc-4178-a63f-4b60f2043da9">
    <Deployment runDeploymentRoot="Lenovo_DESKTOP-E105SJN_2025-07-24_03_40_22" />
  </TestSettings>
  <Results>
    <UnitTestResult executionId="eb354c65-5fd0-43ac-b4c1-0a30353dcc2f" testId="720c1a21-5591-515c-44c5-5c7e9909c8a9" testName="PlataformaEscolar.Tests.AuthControllerTests.Register_Alumno_ReturnsOk" computerName="DESKTOP-E105SJN" duration="00:00:00.6515120" startTime="2025-07-24T03:40:21.4443969-06:00" endTime="2025-07-24T03:40:21.4444326-06:00" testType="13cdc9d9-ddb5-4fa4-a97d-d965ccfc6d4b" outcome="Passed" testListId="8c84fa94-04c1-424b-9868-57a2d4851a1d" relativeResultsDirectory="eb354c65-5fd0-43ac-b4c1-0a30353dcc2f" />
    <UnitTestResult executionId="bdfc486b-ae69-4ca2-917d-ae6bca3c4ced" testId="017a223c-fb8b-853c-03a2-b06578175949" testName="PlataformaEscolar.Tests.ComentarioControllerTests.ComentarAAlumno_ReturnsOk" computerName="DESKTOP-E105SJN" duration="00:00:01.0615653" startTime="2025-07-24T03:40:23.2066984-06:00" endTime="2025-07-24T03:40:23.2066987-06:00" testType="13cdc9d9-ddb5-4fa4-a97d-d965ccfc6d4b" outcome="Passed" testListId="8c84fa94-04c1-424b-9868-57a2d4851a1d" relativeResultsDirectory="bdfc486b-ae69-4ca2-917d-ae6bca3c4ced" />
    <UnitTestResult executionId="a61cbcac-d038-4663-b3f8-4be0f26c92d6" testId="e798b93f-0072-549e-2e89-70da5b54406d" testName="PlataformaEscolar.Tests.ComentarioControllerTests.ComentarAProfesor_ReturnsOk" computerName="DESKTOP-E105SJN" duration="00:00:01.3611520" startTime="2025-07-24T03:40:22.1449774-06:00" endTime="2025-07-24T03:40:22.1449777-06:00" testType="13cdc9d9-ddb5-4fa4-a97d-d965ccfc6d4b" outcome="Passed" testListId="8c84fa94-04c1-424b-9868-57a2d4851a1d" relativeResultsDirectory="a61cbcac-d038-4663-b3f8-4be0f26c92d6" />
    <UnitTestResult executionId="45478178-14b1-4177-bd87-b91efcca5e02" testId="61e10156-e1c6-ba42-e1b9-ed5c5210e0ad" testName="PlataformaEscolar.Tests.AuthControllerTests.Login_Alumno_ReturnsToken" computerName="DESKTOP-E105SJN" duration="00:00:00.6583734" startTime="2025-07-24T03:40:22.1048350-06:00" endTime="2025-07-24T03:40:22.1049005-06:00" testType="13cdc9d9-ddb5-4fa4-a97d-d965ccfc6d4b" outcome="Passed" testListId="8c84fa94-04c1-424b-9868-57a2d4851a1d" relativeResultsDirectory="45478178-14b1-4177-bd87-b91efcca5e02" />
  </Results>
  <TestDefinitions>
    <UnitTest name="PlataformaEscolar.Tests.ComentarioControllerTests.ComentarAProfesor_ReturnsOk" storage="c:\users\lenovo\escolarwebapi\topicoscalidad\plataformaescolar.testsclean\bin\debug\net8.0\plataformaescolar.testsclean.dll" id="e798b93f-0072-549e-2e89-70da5b54406d">
      <Execution id="a61cbcac-d038-4663-b3f8-4be0f26c92d6" />
      <TestMethod codeBase="C:\Users\Lenovo\EscolarWebApi\TopicosCalidad\PlataformaEscolar.TestsClean\bin\Debug\net8.0\PlataformaEscolar.TestsClean.dll" adapterTypeName="executor://xunit/VsTestRunner2/netcoreapp" className="PlataformaEscolar.Tests.ComentarioControllerTests" name="ComentarAProfesor_ReturnsOk" />
    </UnitTest>
    <UnitTest name="PlataformaEscolar.Tests.AuthControllerTests.Login_Alumno_ReturnsToken" storage="c:\users\lenovo\escolarwebapi\topicoscalidad\plataformaescolar.testsclean\bin\debug\net8.0\plataformaescolar.testsclean.dll" id="61e10156-e1c6-ba42-e1b9-ed5c5210e0ad">
      <Execution id="45478178-14b1-4177-bd87-b91efcca5e02" />
      <TestMethod codeBase="C:\Users\Lenovo\EscolarWebApi\TopicosCalidad\PlataformaEscolar.TestsClean\bin\Debug\net8.0\PlataformaEscolar.TestsClean.dll" adapterTypeName="executor://xunit/VsTestRunner2/netcoreapp" className="PlataformaEscolar.Tests.AuthControllerTests" name="Login_Alumno_ReturnsToken" />
    </UnitTest>
    <UnitTest name="PlataformaEscolar.Tests.ComentarioControllerTests.ComentarAAlumno_ReturnsOk" storage="c:\users\lenovo\escolarwebapi\topicoscalidad\plataformaescolar.testsclean\bin\debug\net8.0\plataformaescolar.testsclean.dll" id="017a223c-fb8b-853c-03a2-b06578175949">
      <Execution id="bdfc486b-ae69-4ca2-917d-ae6bca3c4ced" />
      <TestMethod codeBase="C:\Users\Lenovo\EscolarWebApi\TopicosCalidad\PlataformaEscolar.TestsClean\bin\Debug\net8.0\PlataformaEscolar.TestsClean.dll" adapterTypeName="executor://xunit/VsTestRunner2/netcoreapp" className="PlataformaEscolar.Tests.ComentarioControllerTests" name="ComentarAAlumno_ReturnsOk" />
    </UnitTest>
    <UnitTest name="PlataformaEscolar.Tests.AuthControllerTests.Register_Alumno_ReturnsOk" storage="c:\users\lenovo\escolarwebapi\topicoscalidad\plataformaescolar.testsclean\bin\debug\net8.0\plataformaescolar.testsclean.dll" id="720c1a21-5591-515c-44c5-5c7e9909c8a9">
      <Execution id="eb354c65-5fd0-43ac-b4c1-0a30353dcc2f" />
      <TestMethod codeBase="C:\Users\Lenovo\EscolarWebApi\TopicosCalidad\PlataformaEscolar.TestsClean\bin\Debug\net8.0\PlataformaEscolar.TestsClean.dll" adapterTypeName="executor://xunit/VsTestRunner2/netcoreapp" className="PlataformaEscolar.Tests.AuthControllerTests" name="Register_Alumno_ReturnsOk" />
    </UnitTest>
  </TestDefinitions>
  <TestEntries>
    <TestEntry testId="720c1a21-5591-515c-44c5-5c7e9909c8a9" executionId="eb354c65-5fd0-43ac-b4c1-0a30353dcc2f" testListId="8c84fa94-04c1-424b-9868-57a2d4851a1d" />
    <TestEntry testId="017a223c-fb8b-853c-03a2-b06578175949" executionId="bdfc486b-ae69-4ca2-917d-ae6bca3c4ced" testListId="8c84fa94-04c1-424b-9868-57a2d4851a1d" />
    <TestEntry testId="e798b93f-0072-549e-2e89-70da5b54406d" executionId="a61cbcac-d038-4663-b3f8-4be0f26c92d6" testListId="8c84fa94-04c1-424b-9868-57a2d4851a1d" />
    <TestEntry testId="61e10156-e1c6-ba42-e1b9-ed5c5210e0ad" executionId="45478178-14b1-4177-bd87-b91efcca5e02" testListId="8c84fa94-04c1-424b-9868-57a2d4851a1d" />
  </TestEntries>
  <TestLists>
    <TestList name="Resultados sin formato de lista" id="8c84fa94-04c1-424b-9868-57a2d4851a1d" />
    <TestList name="Todos los resultados cargados" id="19431567-8539-422a-85d7-44ee4e166bda" />
  </TestLists>
  <ResultSummary outcome="Completed">
    <Counters total="4" executed="4" passed="4" failed="0" error="0" timeout="0" aborted="0" inconclusive="0" passedButRunAborted="0" notRunnable="0" notExecuted="0" disconnected="0" warning="0" completed="0" inProgress="0" pending="0" />
    <Output>
      <StdOut>[xUnit.net 00:00:00.00] xUnit.net VSTest Adapter v2.8.2+699d445a1a (64-bit .NET 8.0.17)&#xD;
[xUnit.net 00:00:01.50]   Discovering: PlataformaEscolar.TestsClean&#xD;
[xUnit.net 00:00:01.54]   Discovered:  PlataformaEscolar.TestsClean&#xD;
[xUnit.net 00:00:01.55]   Starting:    PlataformaEscolar.TestsClean&#xD;
[xUnit.net 00:00:04.04]   Finished:    PlataformaEscolar.TestsClean&#xD;
</StdOut>
    </Output>
  </ResultSummary>
</TestRun>